[debug] [2024-08-02T09:30:02.736Z] ----------------------------------------------------------------------
[debug] [2024-08-02T09:30:02.738Z] Command:       C:\Program Files\nodejs\node.exe C:\Users\ericb\AppData\Roaming\npm\node_modules\firebase-tools\lib\bin\firebase.js init
[debug] [2024-08-02T09:30:02.739Z] CLI Version:   13.10.2
[debug] [2024-08-02T09:30:02.740Z] Platform:      win32
[debug] [2024-08-02T09:30:02.740Z] Node Version:  v18.20.3
[debug] [2024-08-02T09:30:02.742Z] Time:          Fri Aug 02 2024 11:30:02 GMT+0200 (heure d’été d’Europe centrale)
[debug] [2024-08-02T09:30:02.742Z] ----------------------------------------------------------------------
[debug] 
[debug] [2024-08-02T09:30:02.751Z] > command requires scopes: ["email","openid","https://www.googleapis.com/auth/cloudplatformprojects.readonly","https://www.googleapis.com/auth/firebase","https://www.googleapis.com/auth/cloud-platform"]
[debug] [2024-08-02T09:30:02.752Z] > authorizing via signed-in user (ericbarzman@gmail.com)
[info] 
     ######## #### ########  ######## ########     ###     ######  ########
     ##        ##  ##     ## ##       ##     ##  ##   ##  ##       ##
     ######    ##  ########  ######   ########  #########  ######  ######
     ##        ##  ##    ##  ##       ##     ## ##     ##       ## ##
     ##       #### ##     ## ######## ########  ##     ##  ######  ########

You're about to initialize a Firebase project in this directory:

  C:\Users\ericb\Desktop\Expense-Tracker\expense-tracker

[info] 
=== Project Setup
[info] 
[info] First, let's associate this project directory with a Firebase project.
[info] You can create multiple project aliases by running firebase use --add, 
[info] but for now we'll just set up a default project.
[info] 
